\BOOKMARK [1][-]{section.1}{\376\377\000I\000n\000t\000r\000o\000d\000u\000c\000t\000i\000o\000n}{}% 1
\BOOKMARK [1][-]{section.2}{\376\377\000L\000i\000t\000e\000r\000a\000t\000u\000r\000e\000\040\000R\000e\000v\000i\000e\000w}{}% 2
\BOOKMARK [2][-]{subsection.2.1}{\376\377\000T\000h\000e\000o\000r\000e\000t\000i\000c\000a\000l\000\040\000F\000o\000u\000n\000d\000a\000t\000i\000o\000n\000s\000\040\000o\000f\000\040\000E\000T\000F\000\040\000A\000r\000b\000i\000t\000r\000a\000g\000e\000\040\000M\000e\000c\000h\000a\000n\000i\000s\000m\000s}{section.2}% 3
\BOOKMARK [2][-]{subsection.2.2}{\376\377\000E\000m\000p\000i\000r\000i\000c\000a\000l\000\040\000E\000v\000i\000d\000e\000n\000c\000e\000\040\000o\000n\000\040\000E\000T\000F\000\040\000M\000a\000r\000k\000e\000t\000\040\000E\000f\000f\000i\000c\000i\000e\000n\000c\000y\000\040\000a\000n\000d\000\040\000P\000r\000i\000c\000i\000n\000g}{section.2}% 4
\BOOKMARK [2][-]{subsection.2.3}{\376\377\000E\000T\000F\000\040\000I\000m\000p\000a\000c\000t\000\040\000o\000n\000\040\000U\000n\000d\000e\000r\000l\000y\000i\000n\000g\000\040\000A\000s\000s\000e\000t\000\040\000M\000a\000r\000k\000e\000t\000s\000:\000\040\000P\000r\000i\000c\000e\000\040\000D\000i\000s\000c\000o\000v\000e\000r\000y\000\040\000a\000n\000d\000\040\000V\000o\000l\000a\000t\000i\000l\000i\000t\000y}{section.2}% 5
\BOOKMARK [2][-]{subsection.2.4}{\376\377\000H\000i\000g\000h\000-\000F\000r\000e\000q\000u\000e\000n\000c\000y\000\040\000V\000o\000l\000a\000t\000i\000l\000i\000t\000y\000\040\000M\000e\000a\000s\000u\000r\000e\000m\000e\000n\000t\000\040\000a\000n\000d\000\040\000M\000o\000d\000e\000l\000i\000n\000g}{section.2}% 6
\BOOKMARK [2][-]{subsection.2.5}{\376\377\000B\000a\000y\000e\000s\000i\000a\000n\000\040\000M\000e\000t\000h\000o\000d\000s\000\040\000f\000o\000r\000\040\000V\000o\000l\000a\000t\000i\000l\000i\000t\000y\000\040\000M\000o\000d\000e\000l\000i\000n\000g}{section.2}% 7
\BOOKMARK [2][-]{subsection.2.6}{\376\377\000C\000o\000m\000m\000o\000d\000i\000t\000y\000\040\000M\000a\000r\000k\000e\000t\000s\000\040\000a\000n\000d\000\040\000F\000i\000n\000a\000n\000c\000i\000a\000l\000i\000z\000a\000t\000i\000o\000n}{section.2}% 8
\BOOKMARK [2][-]{subsection.2.7}{\376\377\000E\000T\000F\000\040\000M\000a\000r\000k\000e\000t\000\040\000M\000i\000c\000r\000o\000s\000t\000r\000u\000c\000t\000u\000r\000e\000\040\000D\000u\000r\000i\000n\000g\000\040\000C\000r\000i\000s\000i\000s\000\040\000P\000e\000r\000i\000o\000d\000s}{section.2}% 9
\BOOKMARK [2][-]{subsection.2.8}{\376\377\000G\000a\000p\000s\000\040\000i\000n\000\040\000E\000x\000i\000s\000t\000i\000n\000g\000\040\000L\000i\000t\000e\000r\000a\000t\000u\000r\000e\000\040\000a\000n\000d\000\040\000P\000o\000s\000i\000t\000i\000o\000n\000i\000n\000g\000\040\000o\000f\000\040\000C\000u\000r\000r\000e\000n\000t\000\040\000R\000e\000s\000e\000a\000r\000c\000h}{section.2}% 10
\BOOKMARK [1][-]{section.3}{\376\377\000D\000a\000t\000a}{}% 11
\BOOKMARK [2][-]{subsection.3.1}{\376\377\000S\000a\000m\000p\000l\000e\000\040\000S\000e\000l\000e\000c\000t\000i\000o\000n\000\040\000a\000n\000d\000\040\000D\000a\000t\000a\000\040\000S\000o\000u\000r\000c\000e\000s}{section.3}% 12
\BOOKMARK [2][-]{subsection.3.2}{\376\377\000H\000i\000g\000h\000-\000F\000r\000e\000q\000u\000e\000n\000c\000y\000\040\000D\000a\000t\000a\000\040\000C\000o\000n\000s\000t\000r\000u\000c\000t\000i\000o\000n\000\040\000a\000n\000d\000\040\000C\000l\000e\000a\000n\000i\000n\000g}{section.3}% 13
\BOOKMARK [2][-]{subsection.3.3}{\376\377\000I\000n\000d\000i\000c\000a\000t\000i\000v\000e\000\040\000N\000e\000t\000\040\000A\000s\000s\000e\000t\000\040\000V\000a\000l\000u\000e\000\040\000\050\000i\000N\000A\000V\000\051\000\040\000C\000o\000n\000s\000t\000r\000u\000c\000t\000i\000o\000n}{section.3}% 14
\BOOKMARK [2][-]{subsection.3.4}{\376\377\000R\000e\000a\000l\000i\000z\000e\000d\000\040\000V\000a\000r\000i\000a\000n\000c\000e\000\040\000C\000o\000n\000s\000t\000r\000u\000c\000t\000i\000o\000n\000\040\000a\000n\000d\000\040\000J\000u\000m\000p\000\040\000D\000e\000t\000e\000c\000t\000i\000o\000n}{section.3}% 15
\BOOKMARK [2][-]{subsection.3.5}{\376\377\000D\000e\000s\000c\000r\000i\000p\000t\000i\000v\000e\000\040\000S\000t\000a\000t\000i\000s\000t\000i\000c\000s\000\040\000a\000n\000d\000\040\000S\000t\000y\000l\000i\000z\000e\000d\000\040\000F\000a\000c\000t\000s}{section.3}% 16
\BOOKMARK [2][-]{subsection.3.6}{\376\377\000D\000a\000t\000a\000\040\000Q\000u\000a\000l\000i\000t\000y\000\040\000A\000s\000s\000e\000s\000s\000m\000e\000n\000t\000\040\000a\000n\000d\000\040\000R\000o\000b\000u\000s\000t\000n\000e\000s\000s\000\040\000C\000h\000e\000c\000k\000s}{section.3}% 17
\BOOKMARK [2][-]{subsection.3.7}{\376\377\000C\000o\000m\000p\000a\000r\000a\000t\000i\000v\000e\000\040\000A\000n\000a\000l\000y\000s\000i\000s\000\040\000w\000i\000t\000h\000\040\000E\000x\000i\000s\000t\000i\000n\000g\000\040\000S\000t\000u\000d\000i\000e\000s}{section.3}% 18
\BOOKMARK [1][-]{section.4}{\376\377\000M\000e\000t\000h\000o\000d\000o\000l\000o\000g\000y}{}% 19
\BOOKMARK [2][-]{subsection.4.1}{\376\377\000T\000h\000e\000o\000r\000e\000t\000i\000c\000a\000l\000\040\000F\000r\000a\000m\000e\000w\000o\000r\000k\000\040\000f\000o\000r\000\040\000V\000o\000l\000a\000t\000i\000l\000i\000t\000y\000\040\000T\000r\000a\000n\000s\000m\000i\000s\000s\000i\000o\000n}{section.4}% 20
\BOOKMARK [2][-]{subsection.4.2}{\376\377\000R\000e\000a\000l\000i\000z\000e\000d\000\040\000V\000o\000l\000a\000t\000i\000l\000i\000t\000y\000\040\000M\000e\000a\000s\000u\000r\000e\000m\000e\000n\000t\000\040\000F\000r\000a\000m\000e\000w\000o\000r\000k}{section.4}% 21
\BOOKMARK [2][-]{subsection.4.3}{\376\377\000H\000e\000t\000e\000r\000o\000g\000e\000n\000e\000o\000u\000s\000\040\000A\000u\000t\000o\000r\000e\000g\000r\000e\000s\000s\000i\000v\000e\000\040\000\050\000H\000A\000R\000\051\000\040\000M\000o\000d\000e\000l\000\040\000F\000r\000a\000m\000e\000w\000o\000r\000k}{section.4}% 22
\BOOKMARK [3][-]{subsubsection.4.3.1}{\376\377\000B\000a\000s\000e\000l\000i\000n\000e\000\040\000H\000A\000R\000\040\000S\000p\000e\000c\000i\000f\000i\000c\000a\000t\000i\000o\000n}{subsection.4.3}% 23
\BOOKMARK [3][-]{subsubsection.4.3.2}{\376\377\000H\000A\000R\000-\000X\000\040\000M\000o\000d\000e\000l\000\040\000w\000i\000t\000h\000\040\000C\000r\000o\000s\000s\000-\000M\000a\000r\000k\000e\000t\000\040\000E\000f\000f\000e\000c\000t\000s}{subsection.4.3}% 24
\BOOKMARK [3][-]{subsubsection.4.3.3}{\376\377\000H\000A\000R\000-\000C\000J\000-\000X\000\040\000M\000o\000d\000e\000l\000\040\000w\000i\000t\000h\000\040\000J\000u\000m\000p\000\040\000C\000o\000m\000p\000o\000n\000e\000n\000t\000s}{subsection.4.3}% 25
\BOOKMARK [2][-]{subsection.4.4}{\376\377\000B\000a\000y\000e\000s\000i\000a\000n\000\040\000V\000e\000c\000t\000o\000r\000\040\000A\000u\000t\000o\000r\000e\000g\000r\000e\000s\000s\000i\000o\000n\000\040\000\050\000B\000V\000A\000R\000\051\000\040\000F\000r\000a\000m\000e\000w\000o\000r\000k}{section.4}% 26
\BOOKMARK [3][-]{subsubsection.4.4.1}{\376\377\000V\000A\000R\000\040\000M\000o\000d\000e\000l\000\040\000S\000p\000e\000c\000i\000f\000i\000c\000a\000t\000i\000o\000n}{subsection.4.4}% 27
\BOOKMARK [3][-]{subsubsection.4.4.2}{\376\377\000B\000a\000y\000e\000s\000i\000a\000n\000\040\000E\000s\000t\000i\000m\000a\000t\000i\000o\000n\000\040\000w\000i\000t\000h\000\040\000M\000i\000n\000n\000e\000s\000o\000t\000a\000\040\000P\000r\000i\000o\000r}{subsection.4.4}% 28
\BOOKMARK [3][-]{subsubsection.4.4.3}{\376\377\000P\000o\000s\000t\000e\000r\000i\000o\000r\000\040\000I\000n\000f\000e\000r\000e\000n\000c\000e\000\040\000v\000i\000a\000\040\000G\000i\000b\000b\000s\000\040\000S\000a\000m\000p\000l\000i\000n\000g}{subsection.4.4}% 29
\BOOKMARK [3][-]{subsubsection.4.4.4}{\376\377\000I\000m\000p\000u\000l\000s\000e\000\040\000R\000e\000s\000p\000o\000n\000s\000e\000\040\000A\000n\000a\000l\000y\000s\000i\000s}{subsection.4.4}% 30
\BOOKMARK [3][-]{subsubsection.4.4.5}{\376\377\000F\000o\000r\000e\000c\000a\000s\000t\000\040\000E\000r\000r\000o\000r\000\040\000V\000a\000r\000i\000a\000n\000c\000e\000\040\000D\000e\000c\000o\000m\000p\000o\000s\000i\000t\000i\000o\000n}{subsection.4.4}% 31
\BOOKMARK [2][-]{subsection.4.5}{\376\377\000M\000o\000d\000e\000l\000\040\000C\000o\000m\000p\000a\000r\000i\000s\000o\000n\000\040\000a\000n\000d\000\040\000S\000e\000l\000e\000c\000t\000i\000o\000n\000\040\000C\000r\000i\000t\000e\000r\000i\000a}{section.4}% 32
\BOOKMARK [3][-]{subsubsection.4.5.1}{\376\377\000S\000t\000a\000t\000i\000s\000t\000i\000c\000a\000l\000\040\000C\000r\000i\000t\000e\000r\000i\000a}{subsection.4.5}% 33
\BOOKMARK [3][-]{subsubsection.4.5.2}{\376\377\000E\000c\000o\000n\000o\000m\000i\000c\000\040\000C\000r\000i\000t\000e\000r\000i\000a}{subsection.4.5}% 34
\BOOKMARK [2][-]{subsection.4.6}{\376\377\000R\000o\000b\000u\000s\000t\000n\000e\000s\000s\000\040\000C\000h\000e\000c\000k\000s\000\040\000a\000n\000d\000\040\000S\000e\000n\000s\000i\000t\000i\000v\000i\000t\000y\000\040\000A\000n\000a\000l\000y\000s\000i\000s}{section.4}% 35
\BOOKMARK [3][-]{subsubsection.4.6.1}{\376\377\000A\000l\000t\000e\000r\000n\000a\000t\000i\000v\000e\000\040\000S\000p\000e\000c\000i\000f\000i\000c\000a\000t\000i\000o\000n\000s}{subsection.4.6}% 36
\BOOKMARK [3][-]{subsubsection.4.6.2}{\376\377\000S\000a\000m\000p\000l\000e\000\040\000S\000e\000n\000s\000i\000t\000i\000v\000i\000t\000y}{subsection.4.6}% 37
\BOOKMARK [3][-]{subsubsection.4.6.3}{\376\377\000A\000l\000t\000e\000r\000n\000a\000t\000i\000v\000e\000\040\000D\000a\000t\000a\000\040\000C\000o\000n\000s\000t\000r\000u\000c\000t\000i\000o\000n\000s}{subsection.4.6}% 38
\BOOKMARK [1][-]{section.5}{\376\377\000E\000m\000p\000i\000r\000i\000c\000a\000l\000\040\000R\000e\000s\000u\000l\000t\000s}{}% 39
\BOOKMARK [2][-]{subsection.5.1}{\376\377\000S\000a\000m\000p\000l\000i\000n\000g\000\040\000F\000r\000e\000q\000u\000e\000n\000c\000y\000\040\000E\000f\000f\000e\000c\000t\000s\000\040\000a\000n\000d\000\040\000T\000e\000m\000p\000o\000r\000a\000l\000\040\000D\000y\000n\000a\000m\000i\000c\000s\000\040\000i\000n\000\040\000H\000A\000R\000\040\000M\000o\000d\000e\000l\000s}{section.5}% 40
\BOOKMARK [2][-]{subsection.5.2}{\376\377\000C\000o\000m\000m\000o\000d\000i\000t\000y\000-\000S\000p\000e\000c\000i\000f\000i\000c\000\040\000A\000s\000y\000m\000m\000e\000t\000r\000i\000e\000s\000\040\000i\000n\000\040\000V\000o\000l\000a\000t\000i\000l\000i\000t\000y\000\040\000T\000r\000a\000n\000s\000m\000i\000s\000s\000i\000o\000n}{section.5}% 41
\BOOKMARK [2][-]{subsection.5.3}{\376\377\000J\000u\000m\000p\000\040\000C\000o\000m\000p\000o\000n\000e\000n\000t\000s\000\040\000a\000n\000d\000\040\000D\000i\000s\000c\000o\000n\000t\000i\000n\000u\000o\000u\000s\000\040\000V\000o\000l\000a\000t\000i\000l\000i\000t\000y\000\040\000T\000r\000a\000n\000s\000m\000i\000s\000s\000i\000o\000n}{section.5}% 42
\BOOKMARK [2][-]{subsection.5.4}{\376\377\000B\000a\000y\000e\000s\000i\000a\000n\000\040\000V\000e\000c\000t\000o\000r\000\040\000A\000u\000t\000o\000r\000e\000g\000r\000e\000s\000s\000i\000o\000n\000\040\000A\000n\000a\000l\000y\000s\000i\000s}{section.5}% 43
\BOOKMARK [2][-]{subsection.5.5}{\376\377\000V\000i\000s\000u\000a\000l\000\040\000A\000n\000a\000l\000y\000s\000i\000s\000\040\000o\000f\000\040\000V\000o\000l\000a\000t\000i\000l\000i\000t\000y\000\040\000P\000a\000t\000t\000e\000r\000n\000s\000\040\000a\000n\000d\000\040\000D\000y\000n\000a\000m\000i\000c\000\040\000R\000e\000s\000p\000o\000n\000s\000e\000s}{section.5}% 44
\BOOKMARK [2][-]{subsection.5.6}{\376\377\000S\000y\000n\000t\000h\000e\000s\000i\000s\000\040\000a\000n\000d\000\040\000H\000y\000p\000o\000t\000h\000e\000s\000i\000s\000\040\000T\000e\000s\000t\000i\000n\000g}{section.5}% 45
\BOOKMARK [1][-]{section.6}{\376\377\000C\000o\000n\000c\000l\000u\000s\000i\000o\000n}{}% 46
\BOOKMARK [1][-]{section.7}{\376\377\000T\000a\000b\000l\000e\000s}{}% 47
\BOOKMARK [1][-]{section.8}{\376\377\000F\000i\000g\000u\000r\000e\000s}{}% 48
